<?xml version="1.0" encoding="UTF-8"?>
<!-- Generated by org.testng.reporters.JUnitReportReporter -->
<testsuite name="com.qtpselenium.rediff.hybrid.testcases.portfoliosuite.PortFolioTest" tests="3" time="4.535" ignored="0" failures="0" timestamp="04 Mar 2021 18:31:25 GMT" skipped="3" hostname="Bhanu" errors="0">
  <testcase name="deletePortFolioTest" time="0.000" classname="com.qtpselenium.rediff.hybrid.testcases.portfoliosuite.PortFolioTest">
    <skipped/>
  </testcase> <!-- deletePortFolioTest -->
  <testcase name="createPortFolioTest" time="1.764" classname="com.qtpselenium.rediff.hybrid.testcases.portfoliosuite.PortFolioTest">
    <skipped/>
  </testcase> <!-- createPortFolioTest -->
  <testcase name="createPortFolioTest" time="2.771" classname="com.qtpselenium.rediff.hybrid.testcases.portfoliosuite.PortFolioTest">
    <skipped/>
  </testcase> <!-- createPortFolioTest -->
</testsuite> <!-- com.qtpselenium.rediff.hybrid.testcases.portfoliosuite.PortFolioTest -->
