<?xml version="1.0" encoding="UTF-8"?>
<!-- Generated by org.testng.reporters.JUnitReportReporter -->
<testsuite name="com.qtpselenium.rediff.hybrid.testcases.portfoliosuite.LoginTest" tests="1" time="3.882" ignored="0" failures="0" timestamp="04 Mar 2021 18:31:25 GMT" skipped="1" hostname="Bhanu" errors="0">
  <testcase name="loginTest" time="3.882" classname="com.qtpselenium.rediff.hybrid.testcases.portfoliosuite.LoginTest">
    <skipped/>
  </testcase> <!-- loginTest -->
</testsuite> <!-- com.qtpselenium.rediff.hybrid.testcases.portfoliosuite.LoginTest -->
