<?xml version="1.0" encoding="UTF-8" ?>
<testsuite tests="8" failures="0" name="TestSuite" time="2.276" errors="0" skipped="8">
  <properties>
    <property name="java.runtime.name" value="Java(TM) SE Runtime Environment"/>
    <property name="sun.boot.library.path" value="C:\Program Files\Java\jdk1.8.0_192\jre\bin"/>
    <property name="java.vm.version" value="25.192-b12"/>
    <property name="java.vm.vendor" value="Oracle Corporation"/>
    <property name="maven.multiModuleProjectDirectory" value="D:\Document\selenium code\Testng Hybrid Framework\Module 21\Jan 18 release\HybridRediff"/>
    <property name="java.vendor.url" value="http://java.oracle.com/"/>
    <property name="path.separator" value=";"/>
    <property name="guice.disable.misplaced.annotation.check" value="true"/>
    <property name="java.vm.name" value="Java HotSpot(TM) 64-Bit Server VM"/>
    <property name="file.encoding.pkg" value="sun.io"/>
    <property name="user.script" value=""/>
    <property name="user.country" value="IN"/>
    <property name="sun.java.launcher" value="SUN_STANDARD"/>
    <property name="sun.os.patch.level" value=""/>
    <property name="java.vm.specification.name" value="Java Virtual Machine Specification"/>
    <property name="user.dir" value="D:\Document\selenium code\Testng Hybrid Framework\Module 21\Jan 18 release\HybridRediff"/>
    <property name="java.runtime.version" value="1.8.0_192-b12"/>
    <property name="java.awt.graphicsenv" value="sun.awt.Win32GraphicsEnvironment"/>
    <property name="java.endorsed.dirs" value="C:\Program Files\Java\jdk1.8.0_192\jre\lib\endorsed"/>
    <property name="os.arch" value="amd64"/>
    <property name="java.io.tmpdir" value="C:\Users\Bhanu\AppData\Local\Temp\"/>
    <property name="line.separator" value="
"/>
    <property name="java.vm.specification.vendor" value="Oracle Corporation"/>
    <property name="user.variant" value=""/>
    <property name="os.name" value="Windows 10"/>
    <property name="classworlds.conf" value="D:\Abc\.metadata\.plugins\org.eclipse.m2e.launching\launches\m2conf7589044272727828624.tmp"/>
    <property name="sun.jnu.encoding" value="Cp1252"/>
    <property name="java.library.path" value="C:\Program Files\Java\jdk1.8.0_192\bin;C:\WINDOWS\Sun\Java\bin;C:\WINDOWS\system32;C:\WINDOWS;C:/Program Files/Java/jre1.8.0_281/bin/server;C:/Program Files/Java/jre1.8.0_281/bin;C:/Program Files/Java/jre1.8.0_281/lib/amd64;C:\Program Files (x86)\Common Files\Oracle\Java\javapath;C:\WINDOWS\system32;C:\WINDOWS;C:\WINDOWS\System32\Wbem;C:\WINDOWS\System32\WindowsPowerShell\v1.0\;C:\Users\Bhanu\maven-jar-plugin-3.2.0\bin;C:\WINDOWS\System32\OpenSSH\;D:\Java -Eclipse\apache-ant-1.9.15\bin;%JAVA_HOME%\bin;C:\Users\Bhanu\AppData\Local\Microsoft\WindowsApps;C:\Program Files\Java\jdk1.8.0_192\bin;;D:\Java -Eclipse\eclipse-jee-neon-3-win32-x86_64\eclipse;;."/>
    <property name="java.specification.name" value="Java Platform API Specification"/>
    <property name="java.class.version" value="52.0"/>
    <property name="sun.management.compiler" value="HotSpot 64-Bit Tiered Compilers"/>
    <property name="os.version" value="10.0"/>
    <property name="user.home" value="C:\Users\Bhanu"/>
    <property name="user.timezone" value="Asia/Calcutta"/>
    <property name="java.awt.printerjob" value="sun.awt.windows.WPrinterJob"/>
    <property name="java.specification.version" value="1.8"/>
    <property name="file.encoding" value="Cp1252"/>
    <property name="user.name" value="Bhanu"/>
    <property name="java.class.path" value="/D:/Java -Eclipse/eclipse-jee-neon-3-win32-x86_64/eclipse/plugins/org.eclipse.m2e.maven.runtime_1.7.0.20160603-1931/jars/plexus-classworlds-2.5.2.jar"/>
    <property name="java.vm.specification.version" value="1.8"/>
    <property name="sun.arch.data.model" value="64"/>
    <property name="java.home" value="C:\Program Files\Java\jdk1.8.0_192\jre"/>
    <property name="sun.java.command" value="org.codehaus.plexus.classworlds.launcher.Launcher -B install"/>
    <property name="java.specification.vendor" value="Oracle Corporation"/>
    <property name="user.language" value="en"/>
    <property name="awt.toolkit" value="sun.awt.windows.WToolkit"/>
    <property name="java.vm.info" value="mixed mode"/>
    <property name="java.version" value="1.8.0_192"/>
    <property name="java.ext.dirs" value="C:\Program Files\Java\jdk1.8.0_192\jre\lib\ext;C:\WINDOWS\Sun\Java\lib\ext"/>
    <property name="sun.boot.class.path" value="C:\Program Files\Java\jdk1.8.0_192\jre\lib\resources.jar;C:\Program Files\Java\jdk1.8.0_192\jre\lib\rt.jar;C:\Program Files\Java\jdk1.8.0_192\jre\lib\sunrsasign.jar;C:\Program Files\Java\jdk1.8.0_192\jre\lib\jsse.jar;C:\Program Files\Java\jdk1.8.0_192\jre\lib\jce.jar;C:\Program Files\Java\jdk1.8.0_192\jre\lib\charsets.jar;C:\Program Files\Java\jdk1.8.0_192\jre\lib\jfr.jar;C:\Program Files\Java\jdk1.8.0_192\jre\classes"/>
    <property name="java.vendor" value="Oracle Corporation"/>
    <property name="maven.home" value="D:\Document\selenium code\Testng Hybrid Framework\Module 21\Jan 18 release\HybridRediff\EMBEDDED"/>
    <property name="file.separator" value="\"/>
    <property name="java.vendor.url.bug" value="http://bugreport.sun.com/bugreport/"/>
    <property name="sun.cpu.endian" value="little"/>
    <property name="sun.io.unicode.encoding" value="UnicodeLittle"/>
    <property name="sun.desktop" value="windows"/>
    <property name="sun.cpu.isalist" value="amd64"/>
  </properties>
  <testcase classname="com.qtpselenium.rediff.hybrid.testcases.portfoliosuite.PortFolioTest" name="createPortFolioTest" time="0.11">
    <skipped/>
    <system-out>[TestNGContentHandler] [WARN] It is strongly recommended to add &quot;&lt;!DOCTYPE suite SYSTEM &quot;http://testng.org/testng-1.0.dtd&quot; &gt;&quot; at the top of your file, otherwise TestNG may fail or not work as expected.
*** PortFolioTest
*** AddDelStockTest
*** BuySellStockTest
*** LoginTest
D:\Document\selenium code\Testng Hybrid Framework\Module 21\Jan 18 release\HybridRediff\Files\PortfolioSuite.xlsx
D:\Document\selenium code\Testng Hybrid Framework\Module 21\Jan 18 release\HybridRediff\Files\StockSuite.xlsx
D:\Document\selenium code\Testng Hybrid Framework\Module 21\Jan 18 release\HybridRediff\Files\StockSuite.xlsx
D:\Document\selenium code\Testng Hybrid Framework\Module 21\Jan 18 release\HybridRediff\Files\PortfolioSuite.xlsx
LoginTest
AddStockTest
Row Number of test is 9
AddStockTest
Total Cols - 8
Total Rows 1
LoginTest
Row Number of test is 1
{Date=5/03/2018, Action=Sell, PurchasePrice=200, PortfolioName=ashish, Runmode=Y, Stock Name=Reliance Inds., Quantity=100, Browser=Chrome}
----------------
Row Number of test is 1
Total Cols - 7
Total Rows 1
{Date=5/03/2018, PurchasePrice=200, PortfolioName=ashish, Runmode=Y, Stock Name=Tata Steel Ltd, Quantity=100, Browser=Chrome}
----------------
Total Cols - 5
Row Number of test is 5
Total Cols - 3
Total Rows 2
{PortfolioName=SamplePort1311, Runmode=Y, Browser=Chrome}
----------------
{PortfolioName=SamplePort1411, Runmode=Y, Browser=Mozilla}
----------------
Total Rows 1
{Username=ashishthakur1983, ExpectedResult=Loginsuccess, Password=pass@1234, Runmode=Y, Browser=Chrome}
----------------
D:\Document\ReportThu_Mar_04_23_45_51_IST_2021//Report.html
D:\Document\ReportThu_Mar_04_23_45_51_IST_2021//Report.html
D:\Document\ReportThu_Mar_04_23_45_51_IST_2021//Report.html
D:\Document\ReportThu_Mar_04_23_45_51_IST_2021//Report.html
</system-out>
  </testcase>
  <testcase classname="com.qtpselenium.rediff.hybrid.testcases.stocksuite.AddDelStockTest" name="addStockTest" time="0.219">
    <skipped/>
  </testcase>
  <testcase classname="com.qtpselenium.rediff.hybrid.testcases.stocksuite.AddDelStockTest" name="deleteStockTest" time="0">
    <skipped/>
    <system-out>AddStockTest
Row Number of test is 5
Total Cols - 4
Total Rows 1
{PortfolioName=ashish, Runmode=Y, Stock Name=Tata Steel Ltd., Browser=Chrome}
----------------
</system-out>
    <system-err>log4j:WARN No appenders could be found for logger (freemarker.cache).
log4j:WARN Please initialize the log4j system properly.
</system-err>
  </testcase>
  <testcase classname="com.qtpselenium.rediff.hybrid.testcases.stocksuite.BuySellStockTest" name="buyOrSellStockTest" time="0.332">
    <skipped/>
  </testcase>
  <testcase classname="com.qtpselenium.rediff.hybrid.testcases.portfoliosuite.LoginTest" name="loginTest" time="0.003">
    <skipped/>
  </testcase>
  <testcase classname="com.qtpselenium.rediff.hybrid.testcases.stocksuite.BuySellStockTest" name="checkTransactionHistoryTest" time="0.309">
    <skipped/>
  </testcase>
  <testcase classname="com.qtpselenium.rediff.hybrid.testcases.portfoliosuite.PortFolioTest" name="createPortFolioTest" time="0.526">
    <skipped/>
  </testcase>
  <testcase classname="com.qtpselenium.rediff.hybrid.testcases.portfoliosuite.PortFolioTest" name="deletePortFolioTest" time="0.777">
    <skipped/>
  </testcase>
</testsuite>