<?xml version="1.0" encoding="UTF-8"?>
<!-- Generated by org.testng.reporters.JUnitReportReporter -->
<testsuite name="com.qtpselenium.rediff.hybrid.testcases.stocksuite.AddDelStockTest" tests="2" time="5.435" ignored="0" failures="0" timestamp="04 Mar 2021 18:15:58 GMT" skipped="2" hostname="Bhanu" errors="0">
  <testcase name="addStockTest" time="2.954" classname="com.qtpselenium.rediff.hybrid.testcases.stocksuite.AddDelStockTest">
    <skipped/>
  </testcase> <!-- addStockTest -->
  <testcase name="deleteStockTest" time="2.481" classname="com.qtpselenium.rediff.hybrid.testcases.stocksuite.AddDelStockTest">
    <skipped/>
  </testcase> <!-- deleteStockTest -->
</testsuite> <!-- com.qtpselenium.rediff.hybrid.testcases.stocksuite.AddDelStockTest -->
