<?xml version="1.0" encoding="UTF-8"?>
<!-- Generated by org.testng.reporters.JUnitReportReporter -->
<testsuite name="com.qtpselenium.rediff.hybrid.testcases.stocksuite.BuySellStockTest" tests="2" time="6.041" ignored="0" failures="0" timestamp="04 Mar 2021 18:15:58 GMT" skipped="2" hostname="Bhanu" errors="0">
  <testcase name="buyOrSellStockTest" time="6.041" classname="com.qtpselenium.rediff.hybrid.testcases.stocksuite.BuySellStockTest">
    <skipped/>
  </testcase> <!-- buyOrSellStockTest -->
  <testcase name="checkTransactionHistoryTest" time="0.000" classname="com.qtpselenium.rediff.hybrid.testcases.stocksuite.BuySellStockTest">
    <skipped/>
  </testcase> <!-- checkTransactionHistoryTest -->
</testsuite> <!-- com.qtpselenium.rediff.hybrid.testcases.stocksuite.BuySellStockTest -->
